<?xml version="1.0" encoding="UTF-8"?>
<!-- Generated by org.testng.reporters.JUnitReportReporter -->
<testsuite hostname="DESKTOP-LP3FBQ1" failures="0" tests="1" name="testCases.TC002_Logintest" time="6.340" errors="0" timestamp="2025-05-20T15:28:22 IST" skipped="0">
  <testcase classname="testCases.TC002_Logintest" name="verify_login" time="6.340"/>
  <system-out/>
</testsuite> <!-- testCases.TC002_Logintest -->
