<?xml version="1.0" encoding="UTF-8"?>
<!-- Generated by org.testng.reporters.JUnitReportReporter -->
<testsuite hostname="DESKTOP-LP3FBQ1" failures="0" tests="1" name="testCases.TC001_Accountregistrationtest" time="17.391" errors="0" timestamp="2025-05-20T15:28:22 IST" skipped="0">
  <testcase classname="testCases.TC001_Accountregistrationtest" name="verify_Accountregistration" time="17.391"/>
  <system-out/>
</testsuite> <!-- testCases.TC001_Accountregistrationtest -->
